<?xml version="1.0" encoding="UTF-8"?>
<!-- Generated by org.testng.reporters.JUnitReportReporter -->
<testsuite skipped="0" hostname="DESKTOP-UOB3TTQ" name="com.crm.qa.testcases.HomePageTest" tests="5" failures="0" timestamp="03 Jun 2018 11:47:56 GMT" time="85.104" errors="0">
  <testcase name="clickOnTasksLink" time="17.314" classname="com.crm.qa.testcases.HomePageTest"/>
  <testcase name="verifyUserNameTest" time="15.757" classname="com.crm.qa.testcases.HomePageTest"/>
  <testcase name="clickOnDealsLinkTest" time="15.149" classname="com.crm.qa.testcases.HomePageTest"/>
  <testcase name="verifyHomePageTitleTest" time="15.168" classname="com.crm.qa.testcases.HomePageTest"/>
  <testcase name="verifyContactsLinkTest" time="21.716" classname="com.crm.qa.testcases.HomePageTest"/>
</testsuite> <!-- com.crm.qa.testcases.HomePageTest -->
