<?xml version="1.0" encoding="UTF-8"?>
<!-- Generated by org.testng.reporters.JUnitReportReporter -->
<testsuite skipped="0" hostname="DESKTOP-UOB3TTQ" name="com.crm.qa.testcases.ContactsPageTest" tests="5" failures="0" timestamp="03 Jun 2018 11:47:56 GMT" time="123.476" errors="0">
  <testcase name="validateCreateNewContact" time="20.318" classname="com.crm.qa.testcases.ContactsPageTest"/>
  <testcase name="verifyContactsPageLabel" time="22.563" classname="com.crm.qa.testcases.ContactsPageTest"/>
  <testcase name="validateCreateNewContact" time="20.393" classname="com.crm.qa.testcases.ContactsPageTest"/>
  <testcase name="validateCreateNewContact" time="41.269" classname="com.crm.qa.testcases.ContactsPageTest"/>
  <testcase name="verifySelectContactsByName" time="18.933" classname="com.crm.qa.testcases.ContactsPageTest"/>
</testsuite> <!-- com.crm.qa.testcases.ContactsPageTest -->
