<?xml version="1.0" encoding="UTF-8"?>
<!-- Generated by org.testng.reporters.JUnitReportReporter -->
<testsuite skipped="0" hostname="DESKTOP-UOB3TTQ" name="com.crm.qa.testcases.LoginPageTest" tests="2" failures="0" timestamp="03 Jun 2018 11:47:56 GMT" time="18.613" errors="0">
  <testcase name="loginPageTitleTest" time="9.332" classname="com.crm.qa.testcases.LoginPageTest"/>
  <testcase name="loginPageCRMLogoTest" time="9.281" classname="com.crm.qa.testcases.LoginPageTest"/>
</testsuite> <!-- com.crm.qa.testcases.LoginPageTest -->
